<?xml version="1.0" encoding="UTF-8"?>
  <testsuite tests="20" failures="0" time="1610.777647256">
      <testcase name="[sig-storage] PersistentVolumes-local  [Volume type: block] [Feature:BlockVolume] Set fsGroup for local volume should set same fsGroup for two pods simultaneously" classname="Kubernetes e2e suite" time="0">
          <skipped></skipped>
      </testcase>
      <testcase name="[sig-storage] In-tree Volumes [Driver: azure] [Testpattern: Pre-provisioned PV (block volmode)] volumeMode[Feature:BlockVolume] should create sc, pod, pv, and pvc, read/write to the pv, and delete all created resources" classname="Kubernetes e2e suite" time="0">
          <skipped></skipped>
      </testcase>
      <testcase name="[sig-scheduling] NoExecuteTaintManager Single Pod [Serial] removing taint cancels eviction" classname="Kubernetes e2e suite" time="0">
          <skipped></skipped>
      </testcase>
      <testcase name="[sig-autoscaling] [HPA] Horizontal pod autoscaling (scale resource: Custom Metrics from Stackdriver) should scale down with Custom Metric of type Pod from Stackdriver with Prometheus [Feature:CustomMetricsAutoscaling]" classname="Kubernetes e2e suite" time="0">
          <skipped></skipped>
      </testcase>
      <testcase name="[sig-storage] In-tree Volumes [Driver: emptydir] [Testpattern: Pre-provisioned PV (default fs)] subPath should support existing single file" classname="Kubernetes e2e suite" time="22.980636631">
          <skipped></skipped>
      </testcase>
      <testcase name="[sig-auth] [Feature:NodeAuthorizer] A node shouldn&#39;t be able to delete another node" classname="Kubernetes e2e suite" time="0">
          <skipped></skipped>
      </testcase>
      <testcase name="[sig-storage] In-tree Volumes [Driver: azure] [Testpattern: Inline-volume (default fs)] subPath should support file as subpath" classname="Kubernetes e2e suite" time="24.011199041">
          <skipped></skipped>
      </testcase>
      <testcase name="[sig-storage] In-tree Volumes [Driver: cinder] [Testpattern: Dynamic PV (default fs)] provisioning should create and delete block persistent volumes [Feature:BlockVolume]" classname="Kubernetes e2e suite" time="0">
          <skipped></skipped>
      </testcase>
      <testcase name="[sig-storage] In-tree Volumes [Driver: ceph][Feature:Volumes] [Testpattern: Dynamic PV (default fs)] subPath should support existing single file" classname="Kubernetes e2e suite" time="0">
          <skipped></skipped>
      </testcase>
      <testcase name="[sig-cli] Kubectl client [k8s.io] Kubectl create quota should reject quota with invalid scopes" classname="Kubernetes e2e suite" time="37.047618556"></testcase>
      <testcase name="[sig-autoscaling] [HPA] Horizontal pod autoscaling (scale resource: CPU) [sig-autoscaling] [Serial] [Slow] Deployment Should scale from 1 pod to 3 pods and from 3 to 5" classname="Kubernetes e2e suite" time="0">
          <skipped></skipped>
      </testcase>
      <testcase name="[sig-storage] Storage Policy Based Volume Provisioning [Feature:vsphere] verify an if a SPBM policy and VSAN capabilities cannot be honored for dynamically provisioned pvc using storageclass" classname="Kubernetes e2e suite" time="0">
          <skipped></skipped>
      </testcase>
      <testcase name="[sig-network] Services should check NodePort out-of-range" classname="Kubernetes e2e suite" time="26.575848201"></testcase>
      <testcase name="[sig-autoscaling] Cluster size autoscaling [Slow] should scale up correct target pool [Feature:ClusterSizeAutoscalingScaleUp]" classname="Kubernetes e2e suite" time="0">
          <skipped></skipped>
      </testcase>
      <testcase name="[sig-storage] In-tree Volumes [Driver: ceph][Feature:Volumes] [Testpattern: Inline-volume (default fs)] subPath should support existing directories when readOnly specified in the volumeSource" classname="Kubernetes e2e suite" time="0">
          <skipped></skipped>
      </testcase>
      <testcase name="[sig-api-machinery] Garbage collector should delete pods created by rc when not orphaning [Conformance]" classname="Kubernetes e2e suite" time="50.880830526"></testcase>
      <testcase name="[sig-storage] In-tree Volumes [Driver: gluster] [Testpattern: Inline-volume (default fs)] subPath should support readOnly directory specified in the volumeMount" classname="Kubernetes e2e suite" time="75.720979133"></testcase>
      <testcase name="[sig-cluster-lifecycle] HA-master [Feature:HAMaster] survive addition/removal replicas different zones [Serial][Disruptive]" classname="Kubernetes e2e suite" time="0">
          <skipped></skipped>
      </testcase>
      <testcase name="[sig-apps] StatefulSet [k8s.io] Basic StatefulSet functionality [StatefulSetBasic] should not deadlock when a pod&#39;s predecessor fails" classname="Kubernetes e2e suite" time="181.942647213"></testcase>
      <testcase name="[sig-storage] In-tree Volumes [Driver: azure] [Testpattern: Dynamic PV (default fs)] volumes should be mountable" classname="Kubernetes e2e suite" time="39.939669209">
          <skipped></skipped>
      </testcase>
      <testcase name="[sig-storage] EmptyDir wrapper volumes should not cause race condition when used for configmaps [Serial] [Slow] [Conformance]" classname="Kubernetes e2e suite" time="0">
          <skipped></skipped>
      </testcase>
      <testcase name="[sig-cluster-lifecycle] [Feature:BootstrapTokens] should resign the bootstrap tokens when the clusterInfo ConfigMap updated [Serial][Disruptive]" classname="Kubernetes e2e suite" time="0">
          <skipped></skipped>
      </testcase>
      <testcase name="[sig-storage] In-tree Volumes [Driver: vSphere] [Testpattern: Dynamic PV (default fs)] subPath should fail if non-existent subpath is outside the volume [Slow]" classname="Kubernetes e2e suite" time="0">
          <skipped></skipped>
      </testcase>
      <testcase name="[sig-storage] In-tree Volumes [Driver: emptydir] [Testpattern: Dynamic PV (default fs)] subPath should support readOnly file specified in the volumeMount" classname="Kubernetes e2e suite" time="26.846501325">
          <skipped></skipped>
      </testcase>
      <testcase name="[sig-autoscaling] [HPA] Horizontal pod autoscaling (scale resource: CPU) [sig-autoscaling] [Serial] [Slow] ReplicaSet Should scale from 1 pod to 3 pods and from 3 to 5" classname="Kubernetes e2e suite" time="0">
          <skipped></skipped>
      </testcase>
      <testcase name="[sig-auth] Advanced Audit should audit API calls [DisabledForLargeClusters]" classname="Kubernetes e2e suite" time="79.785939555"></testcase>
      <testcase name="[sig-api-machinery] AdmissionWebhook Should be able to deny custom resource creation" classname="Kubernetes e2e suite" time="56.338101747"></testcase>
      <testcase name="[sig-storage] PersistentVolumes-local  [Volume type: tmpfs] Two pods mounting a local volume at the same time should be able to write from pod1 and read from pod2" classname="Kubernetes e2e suite" time="71.65591873"></testcase>
      <testcase name="[sig-scalability] Load capacity [Feature:ManualPerformance] should be able to handle 30 pods per node ReplicationController with 0 secrets, 0 configmaps and 2 daemons" classname="Kubernetes e2e suite" time="0">
          <skipped></skipped>
      </testcase>
      <testcase name="[sig-storage] In-tree Volumes [Driver: gluster] [Testpattern: Pre-provisioned PV (default fs)] subPath should fail if non-existent subpath is outside the volume [Slow]" classname="Kubernetes e2e suite" time="0">
          <skipped></skipped>
      </testcase>
      <testcase name="[sig-api-machinery] Servers with support for Table transformation should return generic metadata details across all namespaces for nodes" classname="Kubernetes e2e suite" time="24.127616126"></testcase>
      <testcase name="[sig-storage] GCP Volumes NFSv3 should be mountable for NFSv3" classname="Kubernetes e2e suite" time="65.187323171"></testcase>
      <testcase name="[sig-storage] In-tree Volumes [Driver: vSphere] [Testpattern: Pre-provisioned PV (default fs)] subPath should support restarting containers using directory as subpath [Slow]" classname="Kubernetes e2e suite" time="0">
          <skipped></skipped>
      </testcase>
      <testcase name="[sig-storage] In-tree Volumes [Driver: nfs] [Testpattern: Inline-volume (default fs)] subPath should support restarting containers using file as subpath [Slow]" classname="Kubernetes e2e suite" time="0">
          <skipped></skipped>
      </testcase>
      <testcase name="[sig-storage] In-tree Volumes [Driver: ceph][Feature:Volumes] [Testpattern: Inline-volume (default fs)] subPath should support existing single file" classname="Kubernetes e2e suite" time="0">
          <skipped></skipped>
      </testcase>
      <testcase name="[sig-storage] In-tree Volumes [Driver: hostPath] [Testpattern: Pre-provisioned PV (default fs)] subPath should support restarting containers using file as subpath [Slow]" classname="Kubernetes e2e suite" time="0">
          <skipped></skipped>
      </testcase>
      <testcase name="[k8s.io] Probing container with readiness probe should not be ready before initial delay and never restart [NodeConformance] [Conformance]" classname="Kubernetes e2e suite" time="87.680671937"></testcase>
      <testcase name="[sig-storage] Pod Disks detach in a disrupted environment [Slow] [Disruptive] when pod is evicted" classname="Kubernetes e2e suite" time="0">
          <skipped></skipped>
      </testcase>
      <testcase name="[sig-storage] In-tree Volumes [Driver: aws] [Testpattern: Pre-provisioned PV (default fs)] subPath should support existing single file" classname="Kubernetes e2e suite" time="21.951764263">
          <skipped></skipped>
      </testcase>
      <testcase name="[sig-api-machinery] Initializers [Feature:Initializers] should dynamically register and apply initializers to pods [Serial]" classname="Kubernetes e2e suite" time="0">
          <skipped></skipped>
      </testcase>
      <testcase name="[sig-storage] In-tree Volumes [Driver: aws] [Testpattern: Inline-volume (default fs)] subPath should fail if subpath file is outside the volume [Slow]" classname="Kubernetes e2e suite" time="0">
          <skipped></skipped>
      </testcase>
      <testcase name="[sig-storage] ConfigMap should be consumable from pods in volume with mappings as non-root with FSGroup [NodeFeature:FSGroup]" classname="Kubernetes e2e suite" time="34.580098504"></testcase>
      <testcase name="[sig-scheduling] NoExecuteTaintManager Single Pod [Serial] doesn&#39;t evict pod with tolerations from tainted nodes" classname="Kubernetes e2e suite" time="0">
          <skipped></skipped>
      </testcase>
      <testcase name="[sig-storage] [Serial] Volume metrics should create metrics for total time taken in volume operations in P/V Controller" classname="Kubernetes e2e suite" time="0">
          <skipped></skipped>
      </testcase>
      <testcase name="[sig-storage] EmptyDir volumes volume on tmpfs should have the correct mode [NodeConformance] [Conformance]" classname="Kubernetes e2e suite" time="40.153117381"></testcase>
      <testcase name="[sig-storage] In-tree Volumes [Driver: cinder] [Testpattern: Pre-provisioned PV (default fs)] subPath should support existing directories when readOnly specified in the volumeSource" classname="Kubernetes e2e suite" time="30.085546474">
          <skipped></skipped>
      </testcase>
      <testcase name="[sig-cluster-lifecycle] [Feature:BootstrapTokens] should delete the signed bootstrap tokens from clusterInfo ConfigMap when bootstrap token is deleted" classname="Kubernetes e2e suite" time="0">
          <skipped></skipped>
      </testcase>
      <testcase name="[sig-storage] In-tree Volumes [Driver: nfs] [Testpattern: Dynamic PV (default fs)] subPath should support existing directory" classname="Kubernetes e2e suite" time="79.674142689"></testcase>
      <testcase name="[sig-storage] In-tree Volumes [Driver: emptydir] [Testpattern: Inline-volume (default fs)] subPath should support non-existent path" classname="Kubernetes e2e suite" time="34.701848717"></testcase>
      <testcase name="[sig-storage] PersistentVolumes-local  [Volume type: dir-bindmounted] Two pods mounting a local volume at the same time should be able to write from pod1 and read from pod2" classname="Kubernetes e2e suite" time="99.712287298"></testcase>
      <testcase name="[sig-storage] In-tree Volumes [Driver: hostPathSymlink] [Testpattern: Dynamic PV (ext3)] volumes should be mountable" classname="Kubernetes e2e suite" time="27.307273542">
          <skipped></skipped>
      </testcase>
      <testcase name="[sig-network] Loadbalancing: L7 GCE [Slow] [Feature:Ingress] should create ingress with pre-shared certificate" classname="Kubernetes e2e suite" time="0">
          <skipped></skipped>
      </testcase>
      <testcase name="[sig-scheduling] NoExecuteTaintManager Multiple Pods [Serial] evicts pods with minTolerationSeconds" classname="Kubernetes e2e suite" time="0">
          <skipped></skipped>
      </testcase>
      <testcase name="[k8s.io] Container Runtime blackbox test when starting a container that exits should report termination message as empty when pod succeeds and TerminationMessagePolicy FallbackToLogOnError is set [NodeConformance]" classname="Kubernetes e2e suite" time="29.427860883"></testcase>
      <testcase name="[sig-storage] In-tree Volumes [Driver: azure] [Testpattern: Dynamic PV (default fs)] subPath should unmount if pod is force deleted while kubelet is down [Disruptive][Slow]" classname="Kubernetes e2e suite" time="0">
          <skipped></skipped>
      </testcase>
      <testcase name="[sig-storage] Downward API volume should update annotations on modification [NodeConformance] [Conformance]" classname="Kubernetes e2e suite" time="95.052425136"></testcase>
      <testcase name="[sig-storage] In-tree Volumes [Driver: aws] [Testpattern: Pre-provisioned PV (default fs)] subPath should unmount if pod is gracefully deleted while kubelet is down [Disruptive][Slow]" classname="Kubernetes e2e suite" time="0">
          <skipped></skipped>
      </testcase>
      <testcase name="[sig-storage] In-tree Volumes [Driver: aws] [Testpattern: Dynamic PV (default fs)] provisioning should provision storage" classname="Kubernetes e2e suite" time="36.526962308">
          <skipped></skipped>
      </testcase>
      <testcase name="[sig-scheduling] ResourceQuota [Feature:PodPriority] should verify ResourceQuota&#39;s priority class scope (quota set to pod count: 1) against a pod with different priority class (ScopeSelectorOpExists)." classname="Kubernetes e2e suite" time="0">
          <skipped></skipped>
      </testcase>
      <testcase name="[sig-scalability] Load capacity [Feature:ManualPerformance] should be able to handle 30 pods per node Deployment.extensions with 0 secrets, 0 configmaps and 0 daemons" classname="Kubernetes e2e suite" time="0">
          <skipped></skipped>
      </testcase>
      <testcase name="[sig-apps] DisruptionController evictions: too few pods, absolute =&gt; should not allow an eviction" classname="Kubernetes e2e suite" time="128.259296194"></testcase>
      <testcase name="[sig-storage] In-tree Volumes [Driver: hostPath] [Testpattern: Dynamic PV (default fs)] subPath should fail for new directories when readOnly specified in the volumeSource [Slow]" classname="Kubernetes e2e suite" time="0">
          <skipped></skipped>
      </testcase>
      <testcase name="[sig-storage] In-tree Volumes [Driver: gcepd] [Testpattern: Dynamic PV (default fs)] provisioning should provision storage" classname="Kubernetes e2e suite" time="75.613383302"></testcase>
  </testsuite>